<?xml version="1.0" encoding="UTF-8"?>
<testng-results ignored="0" total="1" passed="1" failed="0" skipped="0">
  <reporter-output>
  </reporter-output>
  <suite started-at="2024-03-06T01:22:28 IST" name="Default suite" finished-at="2024-03-06T01:22:43 IST" duration-ms="15124">
    <groups>
    </groups>
    <test started-at="2024-03-06T01:22:28 IST" name="Default test" finished-at="2024-03-06T01:22:43 IST" duration-ms="15124">
      <class name="com.flipkart.Flipkart_Automation.BuyNowTest">
        <test-method is-config="true" signature="setUp()[pri:0, instance:com.flipkart.Flipkart_Automation.BuyNowTest@41d426b5]" started-at="2024-03-06T01:22:28 IST" name="setUp" finished-at="2024-03-06T01:22:31 IST" duration-ms="2522" status="PASS">
          <reporter-output>
          </reporter-output>
        </test-method> <!-- setUp -->
        <test-method signature="testBuyNowButton()[pri:0, instance:com.flipkart.Flipkart_Automation.BuyNowTest@41d426b5]" started-at="2024-03-06T01:22:31 IST" name="testBuyNowButton" finished-at="2024-03-06T01:22:43 IST" duration-ms="11947" status="PASS">
          <reporter-output>
          </reporter-output>
        </test-method> <!-- testBuyNowButton -->
        <test-method is-config="true" signature="tearDown()[pri:0, instance:com.flipkart.Flipkart_Automation.BuyNowTest@41d426b5]" started-at="2024-03-06T01:22:43 IST" name="tearDown" finished-at="2024-03-06T01:22:43 IST" duration-ms="620" status="PASS">
          <reporter-output>
          </reporter-output>
        </test-method> <!-- tearDown -->
      </class> <!-- com.flipkart.Flipkart_Automation.BuyNowTest -->
    </test> <!-- Default test -->
  </suite> <!-- Default suite -->
</testng-results>
